<?xml version="1.0" encoding="UTF-8"?>
<testsuite name="io.dustin.api.controller.MugiControllerTest" tests="1" skipped="0" failures="0" errors="0" timestamp="2023-10-20T00:58:55" hostname="MacBook-Pro.local" time="1.474">
  <properties/>
  <testcase name="fetchMugiByUser test" classname="io.dustin.api.controller.MugiControllerTest" time="1.474"/>
  <system-out><![CDATA[09:58:52.553 [Test worker] INFO org.springframework.test.context.support.AnnotationConfigContextLoaderUtils -- Could not detect default configuration classes for test class [io.dustin.api.controller.MugiControllerTest]: MugiControllerTest does not declare any static, non-private, non-final, nested classes annotated with @Configuration.
09:58:52.678 [Test worker] INFO org.springframework.boot.test.context.SpringBootTestContextBootstrapper -- Found @SpringBootConfiguration io.dustin.DustinApplication for test class io.dustin.api.controller.MugiControllerTest

  .   ____          _            __ _ _
 /\\ / ___'_ __ _ _(_)_ __  __ _ \ \ \ \
( ( )\___ | '_ | '_| | '_ \/ _` | \ \ \ \
 \\/  ___)| |_)| | | | | || (_| |  ) ) ) )
  '  |____| .__|_| |_|_| |_\__, | / / / /
 =========|_|==============|___/=/_/_/_/
 :: Spring Boot ::                (v3.1.0)

2023-10-20T09:58:52.985+09:00  INFO 25000 --- [    Test worker] i.d.api.controller.MugiControllerTest    : Starting MugiControllerTest using Java 17.0.6 with PID 25000 (started by dustin in /Users/dustin/Desktop/common/WebFlux/dustin)
2023-10-20T09:58:52.986+09:00  INFO 25000 --- [    Test worker] i.d.api.controller.MugiControllerTest    : The following 1 profile is active: "local"
2023-10-20T09:58:53.692+09:00  INFO 25000 --- [    Test worker] .s.d.r.c.RepositoryConfigurationDelegate : Bootstrapping Spring Data R2DBC repositories in DEFAULT mode.
2023-10-20T09:58:53.824+09:00  INFO 25000 --- [    Test worker] .s.d.r.c.RepositoryConfigurationDelegate : Finished Spring Data repository scanning in 128 ms. Found 2 R2DBC repository interfaces.
2023-10-20T09:58:54.068+09:00  INFO 25000 --- [    Test worker] c.g.j.r.m.MysqlConnectionFactoryProvider : set jasync.mysql.CLIENT_FOUND_ROWS=true
2023-10-20T09:58:54.123+09:00  INFO 25000 --- [    Test worker] c.github.jasync.sql.db.util.NettyUtils   : jasync selected transport - nio
2023-10-20T09:58:54.882+09:00  INFO 25000 --- [    Test worker] o.s.b.a.e.web.EndpointLinksResolver      : Exposing 1 endpoint(s) beneath base path '/actuator'
2023-10-20T09:58:55.187+09:00  INFO 25000 --- [    Test worker] i.d.api.controller.MugiControllerTest    : Started MugiControllerTest in 2.415 seconds (process running for 3.422)
2023-10-20T09:58:56.354+09:00  INFO 25000 --- [-netty-thread-2] i.d.c.listener.QueryLoggingListener      : Result Row : Optional[1]
2023-10-20T09:58:56.354+09:00  INFO 25000 --- [-netty-thread-4] i.d.c.listener.QueryLoggingListener      : Result Row : Optional[1]
2023-10-20T09:58:56.356+09:00  INFO 25000 --- [-netty-thread-2] i.d.c.listener.QueryLoggingListener      : ConnectionId: 11 
Query:["SELECT 1"] 
Bindings:[] 
Result Count : 1
2023-10-20T09:58:56.356+09:00  INFO 25000 --- [-netty-thread-4] i.d.c.listener.QueryLoggingListener      : ConnectionId: 11 
Query:["SELECT 1"] 
Bindings:[] 
Result Count : 1
2023-10-20T09:58:56.384+09:00  INFO 25000 --- [-netty-thread-4] i.d.c.listener.QueryLoggingListener      : Result Row : Optional[0]
2023-10-20T09:58:56.385+09:00  INFO 25000 --- [-netty-thread-4] i.d.c.listener.QueryLoggingListener      : ConnectionId: 11 
Query:["SELECT COUNT(id) FROM mugi WHERE user_id = ?"] 
Bindings:[(10)] 
Result Count : 1
2023-10-20T09:58:56.394+09:00  INFO 25000 --- [-netty-thread-2] i.d.c.listener.QueryLoggingListener      : Result Row : io.dustin.domain.user.model.User@590055a1
2023-10-20T09:58:56.394+09:00  INFO 25000 --- [-netty-thread-2] i.d.c.listener.QueryLoggingListener      : ConnectionId: 11 
Query:["SELECT User.* FROM User WHERE User.id = ? LIMIT 2"] 
Bindings:[(10)] 
Result Count : 1
2023-10-20T09:58:56.424+09:00  INFO 25000 --- [-netty-thread-2] i.d.c.listener.QueryLoggingListener      : Result Row : Optional[1]
2023-10-20T09:58:56.424+09:00  INFO 25000 --- [-netty-thread-2] i.d.c.listener.QueryLoggingListener      : ConnectionId: 11 
Query:["SELECT 1"] 
Bindings:[] 
Result Count : 1
2023-10-20T09:58:56.428+09:00  INFO 25000 --- [-netty-thread-2] i.d.c.listener.QueryLoggingListener      : ConnectionId: 11 
Query:["SELECT mugi.id, mugi.user_id, mugi.name, mugi.label, mugi.released_type, mugi.released_year, mugi.format, mugi.created_at, mugi.updated_at FROM mugi WHERE mugi.user_id = ? LIMIT 10"] 
Bindings:[(10)] 
Result Count : 0
]]></system-out>
  <system-err><![CDATA[]]></system-err>
</testsuite>
