<?xml version="1.0" encoding="UTF-8"?>
<testsuite name="io.dustin.api.usecase.mugi.ReadMugiUseCaseTest" tests="1" skipped="0" failures="0" errors="0" timestamp="2023-10-16T07:53:46" hostname="MacBook-Pro.local" time="1.016">
  <properties/>
  <testcase name="mugi by id test" classname="io.dustin.api.usecase.mugi.ReadMugiUseCaseTest" time="1.016"/>
  <system-out><![CDATA[16:53:43.271 [Test worker] INFO org.springframework.test.context.support.AnnotationConfigContextLoaderUtils -- Could not detect default configuration classes for test class [io.dustin.api.usecase.mugi.ReadMugiUseCaseTest]: ReadMugiUseCaseTest does not declare any static, non-private, non-final, nested classes annotated with @Configuration.
16:53:43.389 [Test worker] INFO org.springframework.boot.test.context.SpringBootTestContextBootstrapper -- Found @SpringBootConfiguration io.dustin.DustinApplication for test class io.dustin.api.usecase.mugi.ReadMugiUseCaseTest

  .   ____          _            __ _ _
 /\\ / ___'_ __ _ _(_)_ __  __ _ \ \ \ \
( ( )\___ | '_ | '_| | '_ \/ _` | \ \ \ \
 \\/  ___)| |_)| | | | | || (_| |  ) ) ) )
  '  |____| .__|_| |_|_| |_\__, | / / / /
 =========|_|==============|___/=/_/_/_/
 :: Spring Boot ::                (v3.1.0)

2023-10-16T16:53:43.760+09:00  INFO 29638 --- [    Test worker] i.d.a.usecase.mugi.ReadMugiUseCaseTest   : Starting ReadMugiUseCaseTest using Java 17.0.6 with PID 29638 (started by dustin in /Users/dustin/Desktop/common/WebFlux/dustin)
2023-10-16T16:53:43.762+09:00  INFO 29638 --- [    Test worker] i.d.a.usecase.mugi.ReadMugiUseCaseTest   : The following 1 profile is active: "local"
2023-10-16T16:53:44.522+09:00  INFO 29638 --- [    Test worker] .s.d.r.c.RepositoryConfigurationDelegate : Bootstrapping Spring Data R2DBC repositories in DEFAULT mode.
2023-10-16T16:53:44.661+09:00  INFO 29638 --- [    Test worker] .s.d.r.c.RepositoryConfigurationDelegate : Finished Spring Data repository scanning in 134 ms. Found 2 R2DBC repository interfaces.
2023-10-16T16:53:44.933+09:00  INFO 29638 --- [    Test worker] c.g.j.r.m.MysqlConnectionFactoryProvider : set jasync.mysql.CLIENT_FOUND_ROWS=true
2023-10-16T16:53:44.995+09:00  INFO 29638 --- [    Test worker] c.github.jasync.sql.db.util.NettyUtils   : jasync selected transport - nio
2023-10-16T16:53:45.789+09:00  INFO 29638 --- [    Test worker] o.s.b.a.e.web.EndpointLinksResolver      : Exposing 1 endpoint(s) beneath base path '/actuator'
2023-10-16T16:53:46.103+09:00  INFO 29638 --- [    Test worker] i.d.a.usecase.mugi.ReadMugiUseCaseTest   : Started ReadMugiUseCaseTest in 2.595 seconds (process running for 3.504)
2023-10-16T16:53:47.000+09:00  INFO 29638 --- [-netty-thread-2] i.d.c.listener.QueryLoggingListener      : Result Row : Optional[1]
2023-10-16T16:53:47.001+09:00  INFO 29638 --- [-netty-thread-2] i.d.c.listener.QueryLoggingListener      : ConnectionId: 10 
Query:["SELECT 1"] 
Bindings:[] 
Result Count : 1
2023-10-16T16:53:47.045+09:00  INFO 29638 --- [-netty-thread-2] i.d.c.listener.QueryLoggingListener      : Result Row : io.dustin.domain.mugi.model.Mugi@6a8c31e7
2023-10-16T16:53:47.047+09:00  INFO 29638 --- [-netty-thread-2] i.d.c.listener.QueryLoggingListener      : ConnectionId: 10 
Query:["SELECT mugi.* FROM mugi WHERE mugi.id = ? LIMIT 2"] 
Bindings:[(1)] 
Result Count : 1
]]></system-out>
  <system-err><![CDATA[]]></system-err>
</testsuite>
